<?xml version="1.0" encoding="UTF-8"?>
<!-- Generated by org.testng.reporters.JUnitReportReporter -->
<testsuite hostname="charan" name="automationFramework.HomePageTest" tests="1" failures="0" timestamp="25 May 2017 19:01:20 GMT" time="19.518" errors="0">
  <testcase name="testLaunchHomepage" time="19.518" classname="automationFramework.HomePageTest"/>
</testsuite> <!-- automationFramework.HomePageTest -->
